[18May2025 19:39:49.584] [main/INFO] [cpw.mods.modlauncher.Launcher/MODLAUNCHER]: ModLauncher running: args [--launchTarget, forgeserver, --fml.forgeVersion, 47.3.7, --fml.mcVersion, 1.20.1, --fml.forgeGroup, net.minecraftforge, --fml.mcpVersion, 20230612.114412, nogui]
[18May2025 19:39:49.588] [main/INFO] [cpw.mods.modlauncher.Launcher/MODLAUNCHER]: ModLauncher 10.0.9+10.0.9+main.dcd20f30 starting: java version 17.0.15 by Ubuntu; OS Linux arch amd64 version 6.8.0-1027-azure
[18May2025 19:39:50.430] [main/INFO] [net.minecraftforge.fml.loading.ImmediateWindowHandler/]: ImmediateWindowProvider not loading because launch target is forgeserver
[18May2025 19:39:50.492] [main/INFO] [mixin/]: SpongePowered MIXIN Subsystem Version=0.8.5 Source=union:/workspaces/super-duper-umbrella/servidor_minecraft/libraries/org/spongepowered/mixin/0.8.5/mixin-0.8.5.jar%2365!/ Service=ModLauncher Env=SERVER
[18May2025 19:39:50.918] [main/WARN] [net.minecraftforge.fml.loading.moddiscovery.ModFileParser/LOADING]: Mod file /workspaces/super-duper-umbrella/servidor_minecraft/libraries/net/minecraftforge/fmlcore/1.20.1-47.3.7/fmlcore-1.20.1-47.3.7.jar is missing mods.toml file
[18May2025 19:39:50.920] [main/WARN] [net.minecraftforge.fml.loading.moddiscovery.ModFileParser/LOADING]: Mod file /workspaces/super-duper-umbrella/servidor_minecraft/libraries/net/minecraftforge/javafmllanguage/1.20.1-47.3.7/javafmllanguage-1.20.1-47.3.7.jar is missing mods.toml file
[18May2025 19:39:50.921] [main/WARN] [net.minecraftforge.fml.loading.moddiscovery.ModFileParser/LOADING]: Mod file /workspaces/super-duper-umbrella/servidor_minecraft/libraries/net/minecraftforge/lowcodelanguage/1.20.1-47.3.7/lowcodelanguage-1.20.1-47.3.7.jar is missing mods.toml file
[18May2025 19:39:50.922] [main/WARN] [net.minecraftforge.fml.loading.moddiscovery.ModFileParser/LOADING]: Mod file /workspaces/super-duper-umbrella/servidor_minecraft/libraries/net/minecraftforge/mclanguage/1.20.1-47.3.7/mclanguage-1.20.1-47.3.7.jar is missing mods.toml file
[18May2025 19:39:51.258] [main/WARN] [net.minecraftforge.jarjar.selection.JarSelector/]: Attempted to select two dependency jars from JarJar which have the same identification: Mod File:  and Mod File: . Using Mod File: 
[18May2025 19:39:51.260] [main/WARN] [net.minecraftforge.jarjar.selection.JarSelector/]: Attempted to select a dependency jar for JarJar which was passed in as source: resourcefullib. Using Mod File: /workspaces/super-duper-umbrella/servidor_minecraft/mods/resourcefullib-forge-1.20.1-2.1.25.jar
[18May2025 19:39:51.261] [main/WARN] [net.minecraftforge.jarjar.selection.JarSelector/]: Attempted to select a dependency jar for JarJar which was passed in as source: curios. Using Mod File: /workspaces/super-duper-umbrella/servidor_minecraft/mods/curios-forge-5.9.1+1.20.1.jar
[18May2025 19:39:51.262] [main/INFO] [net.minecraftforge.fml.loading.moddiscovery.JarInJarDependencyLocator/]: Found 13 dependencies adding them to mods collection
[18May2025 19:39:55.619] [main/INFO] [mixin/]: Compatibility level set to JAVA_17
[18May2025 19:39:55.988] [main/INFO] [cpw.mods.modlauncher.LaunchServiceHandler/MODLAUNCHER]: Launching target 'forgeserver' with arguments [nogui]
[18May2025 19:39:56.046] [main/WARN] [mixin/]: Reference map 'naturalist-forge-forge-refmap.json' for naturalist.mixins.json could not be read. If this is a development environment you can ignore this message
[18May2025 19:39:56.202] [main/WARN] [mixin/]: Reference map 'yungsextras.refmap.json' for yungsextras.mixins.json could not be read. If this is a development environment you can ignore this message
[18May2025 19:39:56.204] [main/WARN] [mixin/]: Reference map 'yungsextras.refmap.json' for yungsextras_forge.mixins.json could not be read. If this is a development environment you can ignore this message
[18May2025 19:39:56.234] [main/WARN] [mixin/]: Reference map 'nitrogen_internals.refmap.json' for nitrogen_internals.mixins.json could not be read. If this is a development environment you can ignore this message
[18May2025 19:39:56.466] [main/INFO] [Puzzles Lib/]: Loading 99 mods:
	- ad_astra 1.15.18
	- aether 1.20.1-1.2.0-neoforge
	- aiimprovements 0.5.2
	- alexscaves 1.1.4
	- alexsmobs 1.22.8
	- architectury 9.2.14
	- artifacts 9.5.7
	- bagus_lib 1.20.1-4.4.0
	- betterdeserttemples 1.20-Forge-3.0.3
	- betterdungeons 1.20-Forge-4.0.3
	- betterendisland 1.20-Forge-2.0.5
	- betterfortresses 1.20-Forge-2.0.5
	- betterjungletemples 1.20-Forge-2.0.4
	- bettermineshafts 1.20-Forge-4.0.4
	- bettermobs 1.0.0
	- betteroceanmonuments 1.20-Forge-3.0.4
	- betterstrongholds 1.20-Forge-4.0.3
	- bettervillage 3.1.0
	- betterwitchhuts 1.20-Forge-3.0.3
	- born_in_chaos_v1 1.0.0
	- botarium 2.3.3
	- brutalbosses 1.20.1-6.8
	- carryon 2.1.2.7
	- cataclysm 1.0
	- citadel 2.5.4
	- cloth_config 11.1.118
	- clumps 12.0.0.4
	- coroutil 1.20.1-1.3.3
	- cosmeticarmorreworked 1.20.1-v1a
	- creeperoverhaul 3.0.2
	- cumulus_menus 1.20.1-1.0.0-neoforge
	- cupboard 1.20.1-2.5
	- curios 5.9.1+1.20.1
	- deeperdarker 1.2.1
	- dungeons_arise 2.1.58-1.20.x
	- earthmobsmod 1.20.1-10.3.1
	- easyanvils 8.0.1
	- ecologics 2.2.0
	- eeeabsmobs 1.20.1-0.91
	- elevatorid 1.20.1-lex-1.9
	- enchantinginfuser 8.0.2
	- endermanoverhaul 1.0.3
	- endrem 5.2.3-R-1.20.1
	- enemyexpansion 2.3.1
	- expandability 9.0.4
	- explorerscompass 1.20.1-1.3.3-forge
	- ferritecore 6.0.1
	- forge 47.3.7
	- friendsandfoes 2.0.10
	- furnitura 1.12-1.20.1
	- geckolib 4.4.2
	- hangglider 8.0.1
	- iceandfire 2.1.13-1.20.1-beta-4
	- illagerinvasion 8.0.3
	- incendium 5.3.5
	- infernalmobs 1.20.1.2
	- ironchest 1.20.1-14.4.4
	- jei 15.3.0.8
	- libraryferret 4.0.0
	- luminousworld 1.3.6
	- minecraft 1.20.1
	- mixinextras 0.3.5
	- mixinsquared 0.1.1
	- moonlight 1.20-2.11.0
	- mowziesmobs 1.6.4
	- multimine 1.20.1.3
	- mutantmonsters 8.0.7
	- naturalist 4.0.3
	- naturescompass 1.20.1-1.11.2-forge
	- nitrogen_internals 1.20.1-1.0.2-neoforge
	- nullscape 1.2.4
	- placeablesmod 1.9
	- polymorph 0.49.2+1.20.1
	- puzzlesaccessapi 8.0.7
	- puzzleslib 8.1.17
	- quark 4.0-438
	- recipes_unlocked 7.0.0
	- resourcefulconfig 2.1.2
	- resourcefullib 2.1.25
	- securitycraft 1.9.9
	- sophisticatedbackpacks 3.20.2.1022
	- sophisticatedcore 0.6.8.567
	- spectrelib 0.13.14+1.20.1
	- stalwart_dungeons 1.2.8
	- supplementaries 1.20-2.8.6
	- takesapillage 1.0.3
	- tombstone 8.6.3
	- torchmaster 20.1.6
	- twilightforest 4.3.2145
	- undead_revamp2 1.0.0
	- vanillaplustools 1.20-1.0
	- warriorrage 1.0.0
	- watching 1.9.2
	- watut 1.20.1-1.0.11
	- xaerominimap 24.1.1
	- yungsapi 1.20-Forge-4.0.4
	- yungsbridges 1.20-Forge-4.0.3
	- yungsextras 1.20-Forge-4.0.3
	- zeta 1.0-14
[18May2025 19:39:58.177] [main/WARN] [mixin/]: Error loading class: net/minecraft/client/renderer/entity/PhantomRenderer (java.lang.ClassNotFoundException: net.minecraft.client.renderer.entity.PhantomRenderer)
[18May2025 19:39:58.178] [main/WARN] [mixin/]: @Mixin target net.minecraft.client.renderer.entity.PhantomRenderer was not found mixins.deeperdarker.json:PhantomRendererMixin
[18May2025 19:39:58.818] [main/WARN] [mixin/]: Error loading class: noobanidus/mods/lootr/config/ConfigManager (java.lang.ClassNotFoundException: noobanidus.mods.lootr.config.ConfigManager)
[18May2025 19:39:59.271] [main/INFO] [MixinExtras|Service/]: Initializing MixinExtras via com.llamalad7.mixinextras.service.MixinExtrasServiceImpl(version=0.3.5).
